<?xml version="1.0" encoding="UTF-8"?>
<testng-results skipped="0" failed="0" total="1" passed="1">
  <reporter-output>
  </reporter-output>
  <suite name="Default suite" duration-ms="9310" started-at="2019-11-06T22:44:37Z" finished-at="2019-11-06T22:44:46Z">
    <groups>
    </groups>
    <test name="Default test" duration-ms="9310" started-at="2019-11-06T22:44:37Z" finished-at="2019-11-06T22:44:46Z">
      <class name="FirstTest.AssertTest">
        <test-method status="PASS" signature="assertTest()[pri:0, instance:FirstTest.AssertTest@402f32ff]" name="assertTest" duration-ms="9290" started-at="2019-11-07T04:14:37Z" finished-at="2019-11-07T04:14:46Z">
          <reporter-output>
          </reporter-output>
        </test-method> <!-- assertTest -->
      </class> <!-- FirstTest.AssertTest -->
    </test> <!-- Default test -->
  </suite> <!-- Default suite -->
</testng-results>
